c:\users\megha\desktop\project2finalsubmission\shishir_bijalwan_updated_code_project2\parser\x64\debug\vc140.pdb
c:\users\megha\desktop\project2finalsubmission\shishir_bijalwan_updated_code_project2\parser\x64\debug\vc140.idb
c:\users\megha\desktop\project2finalsubmission\shishir_bijalwan_updated_code_project2\parser\x64\debug\datastore.obj
c:\users\megha\desktop\project2finalsubmission\shishir_bijalwan_updated_code_project2\parser\x64\debug\filemgr.obj
c:\users\megha\desktop\project2finalsubmission\shishir_bijalwan_updated_code_project2\parser\x64\debug\filesystem.obj
c:\users\megha\desktop\project2finalsubmission\shishir_bijalwan_updated_code_project2\parser\x64\debug\scopestack.obj
c:\users\megha\desktop\project2finalsubmission\shishir_bijalwan_updated_code_project2\parser\x64\debug\semiexp.obj
c:\users\megha\desktop\project2finalsubmission\shishir_bijalwan_updated_code_project2\parser\x64\debug\tokenizer.obj
c:\users\megha\desktop\project2finalsubmission\shishir_bijalwan_updated_code_project2\parser\x64\debug\utilities.obj
c:\users\megha\desktop\project2finalsubmission\shishir_bijalwan_updated_code_project2\parser\x64\debug\actionsandrules.obj
c:\users\megha\desktop\project2finalsubmission\shishir_bijalwan_updated_code_project2\parser\x64\debug\astree.obj
c:\users\megha\desktop\project2finalsubmission\shishir_bijalwan_updated_code_project2\parser\x64\debug\configureparser.obj
c:\users\megha\desktop\project2finalsubmission\shishir_bijalwan_updated_code_project2\parser\x64\debug\metricsanalysis.obj
c:\users\megha\desktop\project2finalsubmission\shishir_bijalwan_updated_code_project2\parser\x64\debug\parser.obj
c:\users\megha\desktop\project2finalsubmission\shishir_bijalwan_updated_code_project2\parser\x64\debug\metricsexecutive.obj
c:\users\megha\desktop\project2finalsubmission\shishir_bijalwan_updated_code_project2\x64\debug\parser.ilk
c:\users\megha\desktop\project2finalsubmission\shishir_bijalwan_updated_code_project2\x64\debug\parser.exe
c:\users\megha\desktop\project2finalsubmission\shishir_bijalwan_updated_code_project2\x64\debug\parser.pdb
c:\users\megha\desktop\project2finalsubmission\shishir_bijalwan_updated_code_project2\parser\x64\debug\parser.tlog\cl.command.1.tlog
c:\users\megha\desktop\project2finalsubmission\shishir_bijalwan_updated_code_project2\parser\x64\debug\parser.tlog\cl.read.1.tlog
c:\users\megha\desktop\project2finalsubmission\shishir_bijalwan_updated_code_project2\parser\x64\debug\parser.tlog\cl.write.1.tlog
c:\users\megha\desktop\project2finalsubmission\shishir_bijalwan_updated_code_project2\parser\x64\debug\parser.tlog\link.command.1.tlog
c:\users\megha\desktop\project2finalsubmission\shishir_bijalwan_updated_code_project2\parser\x64\debug\parser.tlog\link.read.1.tlog
c:\users\megha\desktop\project2finalsubmission\shishir_bijalwan_updated_code_project2\parser\x64\debug\parser.tlog\link.write.1.tlog
